[03-31 02:02] === 主动守护 ===
[03-31 02:02] ⚠️ cron.php卡住>1分钟，自动终止
[03-31 02:02] ⚠️ nginx停机 - 重启中
[03-31 02:02] ⚠️ php-fpm停机 - 重启中
[03-31 02:02] ✅ 检查完成
[03-31 02:03] === 主动守护 ===
[03-31 02:03] ⚠️ nginx停机 - 重启中
[03-31 02:03] ⚠️ php-fpm停机 - 重启中
[03-31 02:03] ✅ 检查完成
[03-31 02:05] === 主动守护 ===
[03-31 02:05] ⚠️ nginx停机 - 重启中
[03-31 02:05] ⚠️ php-fpm停机 - 重启中
[03-31 02:05] ✅ 检查完成
[03-31 02:05] === 主动守护 ===
[03-31 02:05] ⚠️ nginx停机 - 重启中
[03-31 02:05] ⚠️ php-fpm停机 - 重启中
[03-31 02:05] ✅ 检查完成
[03-31 02:10] === 主动守护 ===
[03-31 02:10] ⚠️ nginx停机 - 重启中
[03-31 02:10] ⚠️ php-fpm停机 - 重启中
[03-31 02:10] ✅ 检查完成
[03-31 02:15] === 主动守护 ===
[03-31 02:15] ⚠️ nginx停机 - 重启中
[03-31 02:15] ⚠️ php-fpm停机 - 重启中
[03-31 02:15] ✅ 检查完成
[03-31 02:20] === 主动守护 ===
[03-31 02:20] ⚠️ nginx停机 - 重启中
[03-31 02:20] ⚠️ php-fpm停机 - 重启中
[03-31 02:20] ✅ 检查完成
[03-31 02:25] === 主动守护 ===
[03-31 02:25] ⚠️ nginx停机 - 重启中
[03-31 02:25] ⚠️ php-fpm停机 - 重启中
[03-31 02:25] ✅ 检查完成
[03-31 02:30] === 主动守护 ===
[03-31 02:30] ⚠️ nginx停机 - 重启中
[03-31 02:30] ⚠️ php-fpm停机 - 重启中
[03-31 02:30] ✅ 检查完成
