=== sgvps.cn 监控 Mon Mar 30 06:49:00 AM CST 2026 ===
SSL到期: Nov 11 15:38:06 2026 GMT
HTTP: 200 | 响应: 0.270831s
DNS: www.sgvps.cn.a1.initac.com.
---
=== sgvps.cn 监控 Mon Mar 30 10:00:01 AM CST 2026 ===
SSL到期: Nov 11 15:38:06 2026 GMT
HTTP: 200 | 响应: 0.273420s
DNS: www.sgvps.cn.a1.initac.com.
---
=== sgvps.cn 监控 Mon Mar 30 11:00:01 AM CST 2026 ===
SSL到期: Nov 11 15:38:06 2026 GMT
HTTP: 200 | 响应: 0.293215s
DNS: www.sgvps.cn.a1.initac.com.
---
=== sgvps.cn 监控 Mon Mar 30 12:00:01 PM CST 2026 ===
SSL到期: Nov 11 15:38:06 2026 GMT
HTTP: 200 | 响应: 0.273903s
DNS: www.sgvps.cn.a1.initac.com.
---
=== sgvps.cn 监控 Mon Mar 30 01:00:01 PM CST 2026 ===
SSL到期: Nov 11 15:38:06 2026 GMT
HTTP: 200 | 响应: 0.272479s
DNS: www.sgvps.cn.a1.initac.com.
---
=== sgvps.cn 监控 Mon Mar 30 02:00:01 PM CST 2026 ===
SSL到期: Nov 11 15:38:06 2026 GMT
HTTP: 200 | 响应: 0.291568s
DNS: www.sgvps.cn.a1.initac.com.
---
=== sgvps.cn 监控 Mon Mar 30 03:00:01 PM CST 2026 ===
SSL到期: Nov 11 15:38:06 2026 GMT
HTTP: 200 | 响应: 0.274092s
DNS: www.sgvps.cn.a1.initac.com.
---
=== sgvps.cn 监控 Mon Mar 30 04:00:01 PM CST 2026 ===
SSL到期: Nov 11 15:38:06 2026 GMT
HTTP: 200 | 响应: 0.256843s
DNS: www.sgvps.cn.a1.initac.com.
---
