=== Watchdog Mon Mar 30 09:09:02 AM CST 2026 ===
Evolver PID 209989: 存活
心跳 PID 167892: 存活
---
=== Watchdog Mon Mar 30 08:05:01 PM CST 2026 ===
Evolver PID 323706: 存活
心跳 PID 167892: 存活
---
=== Watchdog Mon Mar 30 08:10:01 PM CST 2026 ===
Evolver PID 324455: 存活
心跳 PID 167892: 存活
---
=== Watchdog Mon Mar 30 08:15:01 PM CST 2026 ===
Evolver PID 328320: 存活
心跳 PID 167892: 存活
---
=== Watchdog Mon Mar 30 08:20:01 PM CST 2026 ===
Evolver PID 329632: 存活
心跳 PID 167892: 存活
---
=== Watchdog Mon Mar 30 08:25:01 PM CST 2026 ===
Evolver PID 330161: 存活
心跳 PID 167892: 存活
---
=== Watchdog Mon Mar 30 08:30:01 PM CST 2026 ===
Evolver PID 339795: 存活
心跳 PID 167892: 存活
---
=== Watchdog Mon Mar 30 08:35:01 PM CST 2026 ===
Evolver PID 341923: 存活
心跳 PID 167892: 存活
---
=== Watchdog Mon Mar 30 08:40:01 PM CST 2026 ===
Evolver PID 342201: 存活
心跳 PID 167892: 存活
---
=== Watchdog Mon Mar 30 08:45:01 PM CST 2026 ===
Evolver PID 342874: 存活
心跳 PID 167892: 存活
---
=== Watchdog Mon Mar 30 08:50:01 PM CST 2026 ===
Evolver PID 343619: 存活
心跳 PID 167892: 存活
---
=== Watchdog Mon Mar 30 08:55:01 PM CST 2026 ===
Evolver PID 344341: 存活
心跳 PID 167892: 存活
---
=== Watchdog Mon Mar 30 09:00:01 PM CST 2026 ===
Evolver PID 344911: 存活
心跳 PID 167892: 存活
---
